0 info it worked if it ends with ok
1 verbose cli [ 'C:\\Program Files\\nodejs\\node.exe',
1 verbose cli   'C:\\Program Files\\nodejs\\node_modules\\npm\\bin\\npm-cli.js',
1 verbose cli   'start' ]
2 info using npm@3.3.6
3 info using node@v5.0.0
4 verbose run-script [ 'prestart', 'start', 'poststart' ]
5 info lifecycle lele@1.0.0~prestart: lele@1.0.0
6 silly lifecycle lele@1.0.0~prestart: no script for prestart, continuing
7 info lifecycle lele@1.0.0~start: lele@1.0.0
8 verbose lifecycle lele@1.0.0~start: unsafe-perm in lifecycle true
9 verbose lifecycle lele@1.0.0~start: PATH: C:\Program Files\nodejs\node_modules\npm\bin\node-gyp-bin;C:\workspace\node_example\contactlistapp\node_modules\.bin;C:\Users\LE\bin;D:\Git\mingw64\bin;D:\Git\usr\local\bin;D:\Git\usr\bin;D:\Git\usr\bin;D:\Git\mingw64\bin;D:\Git\usr\bin;C:\Users\LE\bin;C:\ProgramData\Oracle\Java\javapath;D:\Oracle\app\oracle\product\10.2.0\server\bin;D:\Java\jdk;C:\Program Files\Java\jdk1.8.0_77\bin;D:\Java\jdk;C:\Program Files\Java\jdk1.8.0_77\jre\bin;E:\Matlab2014b\runtime\win64;E:\Matlab2014b\bin;C:\WINDOWS\system32;C:\WINDOWS;C:\WINDOWS\system32\wbem;E:\summer intern\android studio\SDK\platform-tools;C:\Program Files\nodejs;C:\Program Files (x86)\Skype\Phone;D:\Java\jdk;C:\Program Files\Java\jdk1.8.0_77\bin;C:\WINDOWS\system32\config\systemprofile\.dnx\bin;C:\Program Files\Microsoft DNX\Dnvm;C:\Program Files\Microsoft SQL Server\130\Tools\Binn;C:\WINDOWS\System32\Wbem;C:\WINDOWS\System32\WindowsPowerShell\v1.0;C:\Users\LE\AppData\Roaming\npm;C:\Program Files\MongoDB\Server\3.0\bin;D:\Git\usr\bin\vendor_perl;D:\Git\usr\bin\core_perl;C:\Users\LE\bin
10 verbose lifecycle lele@1.0.0~start: CWD: C:\workspace\node_example\contactlistapp
11 silly lifecycle lele@1.0.0~start: Args: [ '/d /s /c', 'node server.js' ]
12 silly lifecycle lele@1.0.0~start: Returned: code: 1  signal: null
13 info lifecycle lele@1.0.0~start: Failed to exec start script
14 verbose stack Error: lele@1.0.0 start: `node server.js`
14 verbose stack Exit status 1
14 verbose stack     at EventEmitter.<anonymous> (C:\Program Files\nodejs\node_modules\npm\lib\utils\lifecycle.js:233:16)
14 verbose stack     at emitTwo (events.js:87:13)
14 verbose stack     at EventEmitter.emit (events.js:172:7)
14 verbose stack     at ChildProcess.<anonymous> (C:\Program Files\nodejs\node_modules\npm\lib\utils\spawn.js:24:14)
14 verbose stack     at emitTwo (events.js:87:13)
14 verbose stack     at ChildProcess.emit (events.js:172:7)
14 verbose stack     at maybeClose (internal/child_process.js:818:16)
14 verbose stack     at Process.ChildProcess._handle.onexit (internal/child_process.js:211:5)
15 verbose pkgid lele@1.0.0
16 verbose cwd C:\workspace\node_example\contactlistapp
17 error Windows_NT 10.0.10586
18 error argv "C:\\Program Files\\nodejs\\node.exe" "C:\\Program Files\\nodejs\\node_modules\\npm\\bin\\npm-cli.js" "start"
19 error node v5.0.0
20 error npm  v3.3.6
21 error code ELIFECYCLE
22 error lele@1.0.0 start: `node server.js`
22 error Exit status 1
23 error Failed at the lele@1.0.0 start script 'node server.js'.
23 error This is most likely a problem with the lele package,
23 error not with npm itself.
23 error Tell the author that this fails on your system:
23 error     node server.js
23 error You can get their info via:
23 error     npm owner ls lele
23 error There is likely additional logging output above.
24 verbose exit [ 1, true ]
